{"contracts/auction/AuctionHouse.sol":{"l":{"79":1,"80":1,"81":1,"83":1,"85":1,"86":1,"87":1,"88":1,"89":1,"91":1,"103":21,"111":7,"119":15,"121":15,"122":14,"123":13,"124":12,"131":11,"134":11,"135":1,"138":11,"139":11,"142":11,"143":11,"144":2,"147":11,"149":11,"150":2,"161":1,"170":20,"178":1,"180":1,"192":1,"194":1,"206":1,"208":1,"218":2,"220":2,"228":1,"230":1,"245":21,"247":19,"249":18,"250":18,"251":18,"253":18,"265":18,"273":7,"275":7,"276":7,"277":6,"282":5,"284":5,"285":1,"291":4,"298":5,"300":4,"305":4,"314":5,"321":9,"322":0,"323":0,"335":9,"336":9},"path":"/Users/ale/Desktop/Wizards/LoreDAO/contracts/auction/AuctionHouse.sol","s":{"1":1,"2":1,"3":1,"4":1,"5":1,"6":1,"7":1,"8":1,"9":1,"10":1,"11":21,"12":7,"13":15,"14":15,"15":14,"16":13,"17":12,"18":11,"19":11,"20":1,"21":11,"22":11,"23":11,"24":11,"25":2,"26":11,"27":11,"28":2,"29":1,"30":20,"31":1,"32":1,"33":1,"34":1,"35":1,"36":1,"37":2,"38":2,"39":1,"40":1,"41":21,"42":19,"43":18,"44":18,"45":18,"46":18,"47":18,"48":7,"49":7,"50":7,"51":6,"52":5,"53":5,"54":1,"55":4,"56":5,"57":4,"58":4,"59":5,"60":9,"61":0,"62":0,"63":9,"64":9},"b":{"1":[14,1],"2":[13,1],"3":[12,1],"4":[11,1],"5":[1,10],"6":[2,9],"7":[2,9],"8":[19,2],"9":[18,1],"10":[7,0],"11":[6,1],"12":[5,1],"13":[1,4],"14":[4,1],"15":[0,9]},"f":{"1":1,"2":21,"3":7,"4":15,"5":1,"6":20,"7":1,"8":1,"9":1,"10":2,"11":1,"12":21,"13":7,"14":9,"15":9},"fnMap":{"1":{"name":"initialize","line":78,"loc":{"start":{"line":72,"column":4},"end":{"line":92,"column":4}}},"2":{"name":"createNewAuction","line":102,"loc":{"start":{"line":97,"column":4},"end":{"line":104,"column":4}}},"3":{"name":"settleAuction","line":110,"loc":{"start":{"line":110,"column":4},"end":{"line":112,"column":4}}},"4":{"name":"createBid","line":118,"loc":{"start":{"line":118,"column":4},"end":{"line":152,"column":4}}},"5":{"name":"pause","line":160,"loc":{"start":{"line":160,"column":4},"end":{"line":162,"column":4}}},"6":{"name":"unpause","line":169,"loc":{"start":{"line":169,"column":4},"end":{"line":171,"column":4}}},"7":{"name":"setTimeBuffer","line":177,"loc":{"start":{"line":177,"column":4},"end":{"line":181,"column":4}}},"8":{"name":"setReservePrice","line":190,"loc":{"start":{"line":187,"column":4},"end":{"line":195,"column":4}}},"9":{"name":"setMinBidIncrementPercentage","line":204,"loc":{"start":{"line":201,"column":4},"end":{"line":211,"column":4}}},"10":{"name":"enableToken","line":217,"loc":{"start":{"line":217,"column":4},"end":{"line":221,"column":4}}},"11":{"name":"disableToken","line":227,"loc":{"start":{"line":227,"column":4},"end":{"line":231,"column":4}}},"12":{"name":"_createAuction","line":239,"loc":{"start":{"line":239,"column":4},"end":{"line":266,"column":4}}},"13":{"name":"_settleAuction","line":272,"loc":{"start":{"line":272,"column":4},"end":{"line":315,"column":4}}},"14":{"name":"_safeTransferETHWithFallback","line":320,"loc":{"start":{"line":320,"column":4},"end":{"line":325,"column":4}}},"15":{"name":"_safeTransferETH","line":331,"loc":{"start":{"line":331,"column":4},"end":{"line":337,"column":4}}}},"statementMap":{"1":{"start":{"line":79,"column":8},"end":{"line":79,"column":24}},"2":{"start":{"line":80,"column":8},"end":{"line":80,"column":31}},"3":{"start":{"line":81,"column":8},"end":{"line":81,"column":23}},"4":{"start":{"line":83,"column":8},"end":{"line":83,"column":15}},"5":{"start":{"line":85,"column":8},"end":{"line":85,"column":19}},"6":{"start":{"line":86,"column":8},"end":{"line":86,"column":31}},"7":{"start":{"line":87,"column":8},"end":{"line":87,"column":35}},"8":{"start":{"line":88,"column":8},"end":{"line":88,"column":61}},"9":{"start":{"line":89,"column":8},"end":{"line":89,"column":27}},"10":{"start":{"line":91,"column":8},"end":{"line":91,"column":29}},"11":{"start":{"line":103,"column":8},"end":{"line":103,"column":65}},"12":{"start":{"line":111,"column":8},"end":{"line":111,"column":23}},"13":{"start":{"line":119,"column":8},"end":{"line":119,"column":55}},"14":{"start":{"line":121,"column":8},"end":{"line":121,"column":71}},"15":{"start":{"line":122,"column":8},"end":{"line":122,"column":69}},"16":{"start":{"line":123,"column":8},"end":{"line":123,"column":76}},"17":{"start":{"line":124,"column":8},"end":{"line":124,"column":4164}},"18":{"start":{"line":131,"column":8},"end":{"line":131,"column":52}},"19":{"start":{"line":134,"column":8},"end":{"line":134,"column":4510}},"20":{"start":{"line":135,"column":12},"end":{"line":135,"column":68}},"21":{"start":{"line":138,"column":8},"end":{"line":138,"column":33}},"22":{"start":{"line":139,"column":8},"end":{"line":139,"column":43}},"23":{"start":{"line":142,"column":8},"end":{"line":142,"column":71}},"24":{"start":{"line":143,"column":8},"end":{"line":143,"column":4886}},"25":{"start":{"line":144,"column":12},"end":{"line":144,"column":76}},"26":{"start":{"line":147,"column":8},"end":{"line":147,"column":74}},"27":{"start":{"line":149,"column":8},"end":{"line":149,"column":5077}},"28":{"start":{"line":150,"column":12},"end":{"line":150,"column":68}},"29":{"start":{"line":161,"column":8},"end":{"line":161,"column":15}},"30":{"start":{"line":170,"column":8},"end":{"line":170,"column":17}},"31":{"start":{"line":178,"column":8},"end":{"line":178,"column":31}},"32":{"start":{"line":180,"column":8},"end":{"line":180,"column":50}},"33":{"start":{"line":192,"column":8},"end":{"line":192,"column":35}},"34":{"start":{"line":194,"column":8},"end":{"line":194,"column":54}},"35":{"start":{"line":206,"column":8},"end":{"line":206,"column":61}},"36":{"start":{"line":208,"column":8},"end":{"line":208,"column":6662}},"37":{"start":{"line":218,"column":8},"end":{"line":218,"column":40}},"38":{"start":{"line":220,"column":8},"end":{"line":220,"column":49}},"39":{"start":{"line":228,"column":8},"end":{"line":228,"column":41}},"40":{"start":{"line":230,"column":8},"end":{"line":230,"column":50}},"41":{"start":{"line":245,"column":8},"end":{"line":245,"column":75}},"42":{"start":{"line":247,"column":8},"end":{"line":247,"column":64}},"43":{"start":{"line":249,"column":8},"end":{"line":249,"column":74}},"44":{"start":{"line":250,"column":8},"end":{"line":250,"column":43}},"45":{"start":{"line":251,"column":8},"end":{"line":251,"column":46}},"46":{"start":{"line":253,"column":8},"end":{"line":253,"column":8133}},"47":{"start":{"line":265,"column":8},"end":{"line":265,"column":56}},"48":{"start":{"line":273,"column":8},"end":{"line":273,"column":55}},"49":{"start":{"line":275,"column":8},"end":{"line":275,"column":63}},"50":{"start":{"line":276,"column":8},"end":{"line":276,"column":69}},"51":{"start":{"line":277,"column":8},"end":{"line":277,"column":8912}},"52":{"start":{"line":282,"column":8},"end":{"line":282,"column":29}},"53":{"start":{"line":284,"column":8},"end":{"line":284,"column":9062}},"54":{"start":{"line":285,"column":12},"end":{"line":285,"column":9115}},"55":{"start":{"line":291,"column":12},"end":{"line":291,"column":9292}},"56":{"start":{"line":298,"column":8},"end":{"line":298,"column":9463}},"57":{"start":{"line":300,"column":12},"end":{"line":300,"column":9551}},"58":{"start":{"line":305,"column":12},"end":{"line":305,"column":9763}},"59":{"start":{"line":314,"column":8},"end":{"line":314,"column":79}},"60":{"start":{"line":321,"column":8},"end":{"line":321,"column":10290}},"61":{"start":{"line":322,"column":12},"end":{"line":322,"column":47}},"62":{"start":{"line":323,"column":12},"end":{"line":323,"column":44}},"63":{"start":{"line":335,"column":8},"end":{"line":335,"column":75}},"64":{"start":{"line":336,"column":8},"end":{"line":336,"column":22}}},"branchMap":{"1":{"line":121,"type":"if","locations":[{"start":{"line":121,"column":8},"end":{"line":121,"column":8}},{"start":{"line":121,"column":8},"end":{"line":121,"column":8}}]},"2":{"line":122,"type":"if","locations":[{"start":{"line":122,"column":8},"end":{"line":122,"column":8}},{"start":{"line":122,"column":8},"end":{"line":122,"column":8}}]},"3":{"line":123,"type":"if","locations":[{"start":{"line":123,"column":8},"end":{"line":123,"column":8}},{"start":{"line":123,"column":8},"end":{"line":123,"column":8}}]},"4":{"line":124,"type":"if","locations":[{"start":{"line":124,"column":8},"end":{"line":124,"column":8}},{"start":{"line":124,"column":8},"end":{"line":124,"column":8}}]},"5":{"line":134,"type":"if","locations":[{"start":{"line":134,"column":8},"end":{"line":134,"column":8}},{"start":{"line":134,"column":8},"end":{"line":134,"column":8}}]},"6":{"line":143,"type":"if","locations":[{"start":{"line":143,"column":8},"end":{"line":143,"column":8}},{"start":{"line":143,"column":8},"end":{"line":143,"column":8}}]},"7":{"line":149,"type":"if","locations":[{"start":{"line":149,"column":8},"end":{"line":149,"column":8}},{"start":{"line":149,"column":8},"end":{"line":149,"column":8}}]},"8":{"line":245,"type":"if","locations":[{"start":{"line":245,"column":8},"end":{"line":245,"column":8}},{"start":{"line":245,"column":8},"end":{"line":245,"column":8}}]},"9":{"line":247,"type":"if","locations":[{"start":{"line":247,"column":8},"end":{"line":247,"column":8}},{"start":{"line":247,"column":8},"end":{"line":247,"column":8}}]},"10":{"line":275,"type":"if","locations":[{"start":{"line":275,"column":8},"end":{"line":275,"column":8}},{"start":{"line":275,"column":8},"end":{"line":275,"column":8}}]},"11":{"line":276,"type":"if","locations":[{"start":{"line":276,"column":8},"end":{"line":276,"column":8}},{"start":{"line":276,"column":8},"end":{"line":276,"column":8}}]},"12":{"line":277,"type":"if","locations":[{"start":{"line":277,"column":8},"end":{"line":277,"column":8}},{"start":{"line":277,"column":8},"end":{"line":277,"column":8}}]},"13":{"line":284,"type":"if","locations":[{"start":{"line":284,"column":8},"end":{"line":284,"column":8}},{"start":{"line":284,"column":8},"end":{"line":284,"column":8}}]},"14":{"line":298,"type":"if","locations":[{"start":{"line":298,"column":8},"end":{"line":298,"column":8}},{"start":{"line":298,"column":8},"end":{"line":298,"column":8}}]},"15":{"line":321,"type":"if","locations":[{"start":{"line":321,"column":8},"end":{"line":321,"column":8}},{"start":{"line":321,"column":8},"end":{"line":321,"column":8}}]}}},"contracts/interfaces/IAuctionHouse.sol":{"l":{},"path":"/Users/ale/Desktop/Wizards/LoreDAO/contracts/interfaces/IAuctionHouse.sol","s":{},"b":{},"f":{},"fnMap":{},"statementMap":{},"branchMap":{}},"contracts/interfaces/IWETH.sol":{"l":{},"path":"/Users/ale/Desktop/Wizards/LoreDAO/contracts/interfaces/IWETH.sol","s":{},"b":{},"f":{},"fnMap":{},"statementMap":{},"branchMap":{}},"contracts/mocks/AuctionToken.sol":{"l":{"11":3},"path":"/Users/ale/Desktop/Wizards/LoreDAO/contracts/mocks/AuctionToken.sol","s":{"1":3},"b":{},"f":{"1":6,"2":3},"fnMap":{"1":{"name":"constructor","line":8,"loc":{"start":{"line":8,"column":4},"end":{"line":8,"column":58}}},"2":{"name":"mint","line":10,"loc":{"start":{"line":10,"column":4},"end":{"line":12,"column":4}}}},"statementMap":{"1":{"start":{"line":11,"column":8},"end":{"line":11,"column":33}}},"branchMap":{}},"contracts/mocks/WethMock.sol":{"l":{"16":0,"20":0,"28":0,"30":0,"39":0,"40":0,"41":0,"43":0},"path":"/Users/ale/Desktop/Wizards/LoreDAO/contracts/mocks/WethMock.sol","s":{"1":0,"2":0,"3":0,"4":0,"5":0,"6":0,"7":0,"8":0},"b":{},"f":{"1":0,"2":0,"3":0,"4":0},"fnMap":{"1":{"name":"mint","line":15,"loc":{"start":{"line":15,"column":4},"end":{"line":17,"column":4}}},"2":{"name":"burn","line":19,"loc":{"start":{"line":19,"column":4},"end":{"line":21,"column":4}}},"3":{"name":"transferFrom","line":23,"loc":{"start":{"line":23,"column":4},"end":{"line":31,"column":4}}},"4":{"name":"transfer","line":33,"loc":{"start":{"line":33,"column":4},"end":{"line":44,"column":4}}}},"statementMap":{"1":{"start":{"line":16,"column":8},"end":{"line":16,"column":26}},"2":{"start":{"line":20,"column":8},"end":{"line":20,"column":26}},"3":{"start":{"line":28,"column":8},"end":{"line":28,"column":32}},"4":{"start":{"line":30,"column":8},"end":{"line":30,"column":60}},"5":{"start":{"line":39,"column":8},"end":{"line":39,"column":28}},"6":{"start":{"line":40,"column":8},"end":{"line":40,"column":36}},"7":{"start":{"line":41,"column":8},"end":{"line":41,"column":30}},"8":{"start":{"line":43,"column":8},"end":{"line":43,"column":48}}},"branchMap":{}}}